<?xml version="1.0" encoding="UTF-8"?>
<testsuite name="CarsAssembleTest" tests="12" skipped="0" failures="0" errors="0" timestamp="2022-04-23T01:17:11" hostname="Luiss-MacBook-Pro.local" time="0.059">
  <properties/>
  <testcase name="workingItemsPerMinuteForSpeedFive" classname="CarsAssembleTest" time="0.051"/>
  <testcase name="workingItemsPerMinuteForSpeedNine" classname="CarsAssembleTest" time="0.0"/>
  <testcase name="workingItemsPerMinuteForSpeedZero" classname="CarsAssembleTest" time="0.0"/>
  <testcase name="workingItemsPerMinuteForSpeedEight" classname="CarsAssembleTest" time="0.0"/>
  <testcase name="productionRatePerHourForSpeedSeven" classname="CarsAssembleTest" time="0.003"/>
  <testcase name="workingItemsPerMinuteForSpeedOne" classname="CarsAssembleTest" time="0.0"/>
  <testcase name="workingItemsPerMinuteForSpeedTen" classname="CarsAssembleTest" time="0.0"/>
  <testcase name="productionRatePerHourForSpeedOne" classname="CarsAssembleTest" time="0.0"/>
  <testcase name="productionRatePerHourForSpeedTen" classname="CarsAssembleTest" time="0.0"/>
  <testcase name="productionRatePerHourForSpeedFour" classname="CarsAssembleTest" time="0.0"/>
  <testcase name="productionRatePerHourForSpeedNine" classname="CarsAssembleTest" time="0.0"/>
  <testcase name="productionRatePerHourForSpeedZero" classname="CarsAssembleTest" time="0.0"/>
  <system-out><![CDATA[]]></system-out>
  <system-err><![CDATA[]]></system-err>
</testsuite>
